2023-06-29 15:24:54,788  - INFO - Log file log/29-Jun-23_15:24:54.log successfully created.
2023-06-29 15:25:02,407  - INFO - Logging into LinkedIn as digitalliqhtz@gmail.com...
2023-06-29 15:26:42,583  - INFO - Log in completed. Beginning to scrape jobs...
2023-06-29 15:27:42,670  - INFO - Currently scraping page 1 of 55 for machine learning engineer's with 1357 results...
2023-06-29 15:29:39,712  - INFO - Done scraping page 1 of 55
2023-06-29 15:30:28,957  - INFO - Currently scraping page 2 of 55 for machine learning engineer's with 1357 results...
2023-06-29 15:31:55,352  - INFO - Done scraping page 2 of 55
2023-06-29 15:32:49,618  - INFO - Currently scraping page 3 of 55 for machine learning engineer's with 1356 results...
2023-06-29 15:35:25,501  - INFO - Done scraping page 3 of 55
2023-06-29 15:36:17,469  - INFO - Currently scraping page 4 of 55 for machine learning engineer's with 1356 results...
2023-06-29 15:38:05,062  - INFO - Done scraping page 4 of 55
2023-06-29 15:38:57,660  - INFO - Currently scraping page 5 of 55 for machine learning engineer's with 1356 results...
2023-06-29 15:43:52,129  - INFO - Done scraping page 5 of 55
2023-06-29 15:45:02,197  - INFO - Currently scraping page 6 of 55 for machine learning engineer's with 1356 results...
2023-06-29 15:46:55,241  - INFO - Done scraping page 6 of 55
2023-06-29 15:47:31,735  - INFO - Currently scraping page 7 of 55 for machine learning engineer's with 1355 results...
2023-06-29 15:49:34,386  - INFO - Done scraping page 7 of 55
2023-06-29 15:50:11,639  - INFO - Currently scraping page 8 of 55 for machine learning engineer's with 1355 results...
2023-06-29 15:52:04,005  - INFO - Done scraping page 8 of 55
2023-06-29 15:53:09,051  - INFO - Currently scraping page 9 of 55 for machine learning engineer's with 1355 results...
2023-06-29 15:54:36,780  - INFO - Done scraping page 9 of 55
2023-06-29 15:55:26,966  - INFO - Currently scraping page 10 of 55 for machine learning engineer's with 1354 results...
2023-06-29 15:58:10,972  - INFO - Done scraping page 10 of 55
2023-06-29 15:58:58,465  - INFO - Currently scraping page 11 of 55 for machine learning engineer's with 1355 results...
2023-06-29 16:08:16,782  - INFO - Done scraping page 11 of 55
2023-06-29 16:09:48,762  - INFO - Currently scraping page 12 of 55 for machine learning engineer's with 1355 results...
2023-06-29 16:12:17,827  - INFO - Done scraping page 12 of 55
2023-06-29 16:13:09,496  - INFO - Currently scraping page 13 of 54 for machine learning engineer's with 1349 results...
2023-06-29 16:15:05,110  - INFO - Done scraping page 13 of 54
2023-06-29 16:15:49,117  - INFO - Currently scraping page 14 of 54 for machine learning engineer's with 1346 results...
2023-06-29 16:17:20,769  - INFO - Done scraping page 14 of 54
2023-06-29 16:18:23,503  - INFO - Currently scraping page 15 of 54 for machine learning engineer's with 1343 results...
2023-06-29 16:20:34,401  - INFO - Done scraping page 15 of 54
2023-06-29 16:21:27,330  - INFO - Currently scraping page 16 of 54 for machine learning engineer's with 1339 results...
2023-06-29 16:23:55,138  - INFO - Done scraping page 16 of 54
2023-06-29 16:24:52,908  - INFO - Currently scraping page 17 of 54 for machine learning engineer's with 1340 results...
2023-06-29 16:26:54,464  - INFO - Done scraping page 17 of 54
2023-06-29 16:27:45,255  - INFO - Currently scraping page 18 of 54 for machine learning engineer's with 1340 results...
2023-06-29 16:31:55,440  - INFO - Done scraping page 18 of 54
2023-06-29 16:33:37,747  - INFO - Currently scraping page 19 of 54 for machine learning engineer's with 1340 results...
2023-06-29 16:37:22,718  - INFO - Done scraping page 19 of 54
2023-06-29 16:38:31,786  - INFO - Currently scraping page 20 of 54 for machine learning engineer's with 1337 results...
2023-06-29 16:40:16,382  - INFO - Done scraping page 20 of 54
2023-06-29 16:40:55,083  - INFO - Currently scraping page 21 of 54 for machine learning engineer's with 1337 results...
2023-06-29 16:43:17,697  - INFO - Done scraping page 21 of 54
2023-06-29 16:44:01,036  - INFO - Currently scraping page 22 of 54 for machine learning engineer's with 1335 results...
2023-06-29 16:48:20,070  - INFO - Done scraping page 22 of 54
2023-06-29 16:49:56,439  - INFO - Currently scraping page 23 of 54 for machine learning engineer's with 1339 results...
